0 info it worked if it ends with ok
1 verbose cli [ '/home/alan/.nvm/versions/node/v4.3.2/bin/node',
1 verbose cli   '/home/alan/.nvm/versions/node/v4.3.2/bin/npm',
1 verbose cli   'run',
1 verbose cli   'deploy' ]
2 info using npm@2.14.12
3 info using node@v4.3.2
4 verbose stack Error: missing script: deploy
4 verbose stack     at run (/home/alan/.nvm/versions/node/v4.3.2/lib/node_modules/npm/lib/run-script.js:142:19)
4 verbose stack     at /home/alan/.nvm/versions/node/v4.3.2/lib/node_modules/npm/lib/run-script.js:58:5
4 verbose stack     at /home/alan/.nvm/versions/node/v4.3.2/lib/node_modules/npm/node_modules/read-package-json/read-json.js:345:5
4 verbose stack     at checkBinReferences_ (/home/alan/.nvm/versions/node/v4.3.2/lib/node_modules/npm/node_modules/read-package-json/read-json.js:309:45)
4 verbose stack     at final (/home/alan/.nvm/versions/node/v4.3.2/lib/node_modules/npm/node_modules/read-package-json/read-json.js:343:3)
4 verbose stack     at then (/home/alan/.nvm/versions/node/v4.3.2/lib/node_modules/npm/node_modules/read-package-json/read-json.js:113:5)
4 verbose stack     at /home/alan/.nvm/versions/node/v4.3.2/lib/node_modules/npm/node_modules/read-package-json/read-json.js:232:12
4 verbose stack     at /home/alan/.nvm/versions/node/v4.3.2/lib/node_modules/npm/node_modules/graceful-fs/graceful-fs.js:76:16
4 verbose stack     at FSReqWrap.readFileAfterClose [as oncomplete] (fs.js:380:3)
5 verbose cwd /home/alan/workspace/share/battlecity-js/client
6 error Linux 4.10.4-1-ARCH
7 error argv "/home/alan/.nvm/versions/node/v4.3.2/bin/node" "/home/alan/.nvm/versions/node/v4.3.2/bin/npm" "run" "deploy"
8 error node v4.3.2
9 error npm  v2.14.12
10 error missing script: deploy
11 error If you need help, you may report this error at:
11 error     <https://github.com/npm/npm/issues>
12 verbose exit [ 1, true ]
